20:52:34 **** Incremental Build of configuration Debug for project MiniProject2 ****
make all 
Building file: ../project2mini.c
Invoking: AVR Compiler
avr-gcc -Wall -g2 -gstabs -O0 -fpack-struct -fshort-enums -ffunction-sections -fdata-sections -std=gnu99 -funsigned-char -funsigned-bitfields -mmcu=atmega16 -DF_CPU=1000000UL -MMD -MP -MF"project2mini.d" -MT"project2mini.o" -c -o "project2mini.o" "../project2mini.c"
In file included from ../adc.h:12,
                 from ../timers.h:11,
                 from ../motor.h:11,
                 from ../ExternInterrupt.h:11,
                 from ../project2mini.c:8:
e:/embeddedsystemsdiploma/lib/gcc/../../avr/include/util/delay.h:90:3: warning: #warning "Compiler optimizations disabled; functions from <util/delay.h> won't work as designed"
Finished building: ../project2mini.c
 
Building target: MiniProject2.elf
Invoking: AVR C Linker
avr-gcc -Wl,-Map,MiniProject2.map -mmcu=atmega16 -o "MiniProject2.elf" ./ExternInterrupt.o ./adc.o ./lcd.o ./motor.o ./project2mini.o ./timers.o   
Finished building target: MiniProject2.elf
 
Invoking: AVR Create Extended Listing
avr-objdump -h -S MiniProject2.elf  >"MiniProject2.lss"
Finished building: MiniProject2.lss
 
Invoking: Print Size
avr-size --format=avr --mcu=atmega16 MiniProject2.elf
AVR Memory Usage
----------------
Device: atmega16

Program:    5874 bytes (35.9% Full)
(.text + .data + .bootloader)

Data:         45 bytes (4.4% Full)
(.data + .bss + .noinit)


Finished building: sizedummy
 

20:52:35 Build Finished. 0 errors, 1 warnings. (took 1s.189ms)

