20:23:05 **** Incremental Build of configuration Debug for project Solwan_Shokry_Mini_Project2 ****
make all 
Building file: ../INT1.c
Invoking: AVR Compiler
avr-gcc -Wall -g2 -gstabs -O0 -fpack-struct -fshort-enums -ffunction-sections -fdata-sections -std=gnu99 -funsigned-char -funsigned-bitfields -mmcu=atmega16 -DF_CPU=1000000UL -MMD -MP -MF"INT1.d" -MT"INT1.o" -c -o "INT1.o" "../INT1.c"
In file included from ../micro_config.h:22,
                 from ../INT1.h:6,
                 from ../INT1.c:2:
e:/embeddedsystemsdiploma/lib/gcc/../../avr/include/util/delay.h:90:3: warning: #warning "Compiler optimizations disabled; functions from <util/delay.h> won't work as designed"
Finished building: ../INT1.c
 
Building target: Solwan_Shokry_Mini_Project2.elf
Invoking: AVR C Linker
avr-gcc -Wl,-Map,Solwan_Shokry_Mini_Project2.map -mmcu=atmega16 -o "Solwan_Shokry_Mini_Project2.elf" ./ADC.o ./DCmotor.o ./INT1.o ./Mini_Project2.o ./Timer.o ./lcd.o   
Finished building target: Solwan_Shokry_Mini_Project2.elf
 
Invoking: AVR Create Extended Listing
avr-objdump -h -S Solwan_Shokry_Mini_Project2.elf  >"Solwan_Shokry_Mini_Project2.lss"
Finished building: Solwan_Shokry_Mini_Project2.lss
 
Invoking: Print Size
avr-size --format=avr --mcu=atmega16 Solwan_Shokry_Mini_Project2.elf
AVR Memory Usage
----------------
Device: atmega16

Program:    6170 bytes (37.7% Full)
(.text + .data + .bootloader)

Data:         22 bytes (2.1% Full)
(.data + .bss + .noinit)


Finished building: sizedummy
 

20:23:06 Build Finished. 0 errors, 1 warnings. (took 1s.279ms)

